Using pre-set license
Built from '2020.3/staging' branch; Version is '2020.3.11f1 (99c7afb366b3) revision 10078127'; Using compiler version '192528614'; Build Type 'Release'
OS: 'Windows 10 Home Single Language; OS build 19041.1083; Version 2004; 64bit' Language: 'en' Physical Memory: 7617 MB
BatchMode: 1, IsHumanControllingUs: 0, StartBugReporterOnCrash: 0, Is64bit: 1, IsPro: 0

 COMMAND LINE ARGUMENTS:
C:\Program Files\Unity\2020.3.11f1\Editor\Unity.exe
-adb2
-batchMode
-noUpm
-name
AssetImportWorker0
-projectPath
C:/Users/sunda/Desktop/INVR
-logFile
Logs/AssetImportWorker0.log
-srvPort
55183
Successfully changed project path to: C:/Users/sunda/Desktop/INVR
C:/Users/sunda/Desktop/INVR
Using Asset Import Pipeline V2.
Refreshing native plugins compatible for Editor in 99.26 ms, found 3 plugins.
Preloading 0 native plugins for Editor in 0.00 ms.
Initialize engine version: 2020.3.11f1 (99c7afb366b3)
[Subsystems] Discovering subsystems at path C:/Program Files/Unity/2020.3.11f1/Editor/Data/Resources/UnitySubsystems
[Subsystems] Discovering subsystems at path C:/Users/sunda/Desktop/INVR/Assets
GfxDevice: creating device client; threaded=0
Direct3D:
    Version:  Direct3D 11.0 [level 11.1]
    Renderer: NVIDIA GeForce GTX 1050 (ID=0x1c91)
    Vendor:   
    VRAM:     2996 MB
    Driver:   30.0.14.7111
Initialize mono
Mono path[0] = 'C:/Program Files/Unity/2020.3.11f1/Editor/Data/Managed'
Mono path[1] = 'C:/Program Files/Unity/2020.3.11f1/Editor/Data/MonoBleedingEdge/lib/mono/unityjit'
Mono config path = 'C:/Program Files/Unity/2020.3.11f1/Editor/Data/MonoBleedingEdge/etc'
Using monoOptions --debugger-agent=transport=dt_socket,embedding=1,server=y,suspend=n,address=127.0.0.1:56544
Begin MonoManager ReloadAssembly
Registering precompiled unity dll's ...
Register platform support module: C:/Program Files/Unity/2020.3.11f1/Editor/Data/PlaybackEngines/WindowsStandaloneSupport/UnityEditor.WindowsStandalone.Extensions.dll
Registered in 0.002907 seconds.
Native extension for WindowsStandalone target not found
Refreshing native plugins compatible for Editor in 95.02 ms, found 3 plugins.
Preloading 0 native plugins for Editor in 0.00 ms.
Mono: successfully reloaded assembly
- Completed reload, in  4.078 seconds
Platform modules already initialized, skipping
Registering precompiled user dll's ...
Registered in 0.012002 seconds.
Begin MonoManager ReloadAssembly
Native extension for WindowsStandalone target not found
Refreshing native plugins compatible for Editor in 1.47 ms, found 3 plugins.
Preloading 0 native plugins for Editor in 0.00 ms.
Mono: successfully reloaded assembly
- Completed reload, in  1.720 seconds
Platform modules already initialized, skipping
========================================================================
Worker process is ready to serve import requests
Launched and connected shader compiler UnityShaderCompiler.exe after 0.06 seconds
Refreshing native plugins compatible for Editor in 1.19 ms, found 3 plugins.
Preloading 0 native plugins for Editor in 0.00 ms.
Unloading 3185 Unused Serialized files (Serialized files now loaded: 0)
System memory in use before: 129.1 MB.
System memory in use after: 129.0 MB.

Unloading 34 unused Assets to reduce memory usage. Loaded Objects now: 3624.
Total: 4.740500 ms (FindLiveObjects: 0.542600 ms CreateObjectMapping: 0.172900 ms MarkObjects: 3.655300 ms  DeleteObjects: 0.367600 ms)

========================================================================
Received Import Request.
  path: Assets/New Avatar Mask.mask
  artifactKey: Guid(5bdf8736135ae83468113841c1397fcc) Importer(815301076,1909f56bfc062723c751e8b465ee728b)
Start importing Assets/New Avatar Mask.mask using Guid(5bdf8736135ae83468113841c1397fcc) Importer(815301076,1909f56bfc062723c751e8b465ee728b)  -> (artifact id: '14a7113b9974b8476a7355a74557f6e5') in 0.058666 seconds
  Import took 0.066351 seconds .

========================================================================
Received Prepare
Refreshing native plugins compatible for Editor in 20.54 ms, found 3 plugins.
Preloading 0 native plugins for Editor in 0.00 ms.
Unloading 27 Unused Serialized files (Serialized files now loaded: 0)
System memory in use before: 64.9 MB.
System memory in use after: 64.8 MB.

Unloading 26 unused Assets to reduce memory usage. Loaded Objects now: 3624.
Total: 7.199000 ms (FindLiveObjects: 0.530500 ms CreateObjectMapping: 0.172000 ms MarkObjects: 5.838800 ms  DeleteObjects: 0.655400 ms)

========================================================================
Received Prepare
Registering precompiled user dll's ...
Registered in 0.017861 seconds.
Begin MonoManager ReloadAssembly
Native extension for WindowsStandalone target not found
Refreshing native plugins compatible for Editor in 1.20 ms, found 3 plugins.
Preloading 0 native plugins for Editor in 0.00 ms.
Mono: successfully reloaded assembly
- Completed reload, in  1.722 seconds
Platform modules already initialized, skipping
Switching build target platform(19) subTarget(0) extendedPlatform(0) -> platform(13) subTarget(524288) extendedPlatform(0)
Refreshing native plugins compatible for Editor in 1.65 ms, found 3 plugins.
Preloading 0 native plugins for Editor in 0.00 ms.
Unloading 3128 Unused Serialized files (Serialized files now loaded: 0)
System memory in use before: 125.6 MB.
System memory in use after: 125.4 MB.

Unloading 29 unused Assets to reduce memory usage. Loaded Objects now: 3628.
Total: 8.973200 ms (FindLiveObjects: 1.153500 ms CreateObjectMapping: 0.643700 ms MarkObjects: 6.463500 ms  DeleteObjects: 0.708500 ms)

AssetImportParameters requested are different than current active one (requested -> active):
  custom:graphics/normal-map-encoding: 01000000000000000000000000000000 -> 02000000000000000000000000000000
